<?xml version="1.0" encoding="UTF-8"?>
<!-- Generated by org.testng.reporters.JUnitReportReporter -->
<testsuite skipped="0" hostname="DESKTOP-3M1HFB0" name="com.orangehrmlive.demo.opensource.testsuite.TestCase" tests="2" failures="0" timestamp="11 Apr 2020 10:53:53 GMT" time="74.760" errors="0">
  <testcase name="verifyUserCanSuccessfullyLogout" time="23.860" classname="com.orangehrmlive.demo.opensource.testsuite.TestCase"/>
  <testcase name="verifyUserCanSuccessfullyLogin" time="50.900" classname="com.orangehrmlive.demo.opensource.testsuite.TestCase"/>
</testsuite> <!-- com.orangehrmlive.demo.opensource.testsuite.TestCase -->
